<?xml version="1.0" encoding="UTF-8"?>
<!-- Generated by org.testng.reporters.JUnitXMLReporter -->
<testsuite ignored="2" hostname="TYSS-Piyush-Baldaniya" failures="5" tests="5" name="Test(failed)(failed)" time="7.352" errors="0" timestamp="2025-05-31T19:03:23 IST">
  <testcase classname="extra.Demo4" name="case1" time="0.018">
    <failure type="java.lang.AssertionError" message="expected [true] but found [false]">
      <![CDATA[java.lang.AssertionError: expected [true] but found [false]
at extra.Demo4.case1(Demo4.java:11)
at java.base/java.util.ArrayList.forEach(ArrayList.java:1597)
... Removed 29 stack frames]]>
    </failure>
  </testcase> <!-- case1 -->
  <testcase classname="extra.Demo4" name="case2" time="0.002">
    <failure type="java.lang.AssertionError" message="expected [true] but found [false]">
      <![CDATA[java.lang.AssertionError: expected [true] but found [false]
at extra.Demo4.case2(Demo4.java:18)
at java.base/java.util.ArrayList.forEach(ArrayList.java:1597)
... Removed 29 stack frames]]>
    </failure>
  </testcase> <!-- case2 -->
  <testcase classname="extra.Demo4" name="case5" time="0.002">
    <failure type="java.lang.AssertionError" message="expected [true] but found [false]">
      <![CDATA[java.lang.AssertionError: expected [true] but found [false]
at extra.Demo4.case5(Demo4.java:35)
at java.base/java.util.ArrayList.forEach(ArrayList.java:1597)
... Removed 29 stack frames]]>
    </failure>
  </testcase> <!-- case5 -->
  <testcase classname="extra.Demo2" name="sub" time="3.937">
    <failure type="java.lang.AssertionError" message="expected [true] but found [false]">
      <![CDATA[java.lang.AssertionError: expected [true] but found [false]
at extra.Demo2.sub(Demo2.java:21)
at java.base/java.util.ArrayList.forEach(ArrayList.java:1597)
... Removed 29 stack frames]]>
    </failure>
  </testcase> <!-- sub -->
  <testcase classname="extra.Demo3" name="mul" time="3.326">
    <failure type="java.lang.AssertionError" message="expected [true] but found [false]">
      <![CDATA[java.lang.AssertionError: expected [true] but found [false]
at extra.Demo3.mul(Demo3.java:20)
at java.base/java.util.ArrayList.forEach(ArrayList.java:1597)
... Removed 29 stack frames]]>
    </failure>
  </testcase> <!-- mul -->
  <testcase classname="extra.Demo4" name="case3" time="0.0">
    <ignored/>
  </testcase> <!-- case3 -->
  <testcase classname="extra.Demo4" name="case4" time="0.0">
    <ignored/>
  </testcase> <!-- case4 -->
</testsuite> <!-- Test(failed)(failed) -->
