<?xml version="1.0" encoding="UTF-8"?>
<!-- Generated by org.testng.reporters.JUnitXMLReporter -->
<testsuite ignored="0" hostname="TYSS-Piyush-Baldaniya" failures="0" tests="5" name="Default test" time="0.074" errors="0" timestamp="2025-05-25T14:52:38 IST">
  <testcase classname="extra.Demo4" name="case1" time="0.009"/>
  <testcase classname="extra.Demo4" name="case2" time="0.002"/>
  <testcase classname="extra.Demo4" name="case3" time="0.0"/>
  <testcase classname="extra.Demo4" name="case4" time="0.002"/>
  <testcase classname="extra.Demo4" name="case5" time="0.002"/>
</testsuite> <!-- Default test -->
