<?xml version="1.0" encoding="UTF-8"?>
<!-- Generated by org.testng.reporters.JUnitXMLReporter -->
<testsuite ignored="5" hostname="TYSS-Piyush-Baldaniya" failures="0" tests="0" time="0.011" errors="0" timestamp="2025-05-25T15:00:45 IST">
  <testcase classname="extra.Demo4" name="case3" time="0.0">
    <ignored/>
  </testcase> <!-- case3 -->
  <testcase classname="extra.Demo4" name="case2" time="0.0">
    <ignored/>
  </testcase> <!-- case2 -->
  <testcase classname="extra.Demo4" name="case1" time="0.0">
    <ignored/>
  </testcase> <!-- case1 -->
  <testcase classname="extra.Demo4" name="case5" time="0.0">
    <ignored/>
  </testcase> <!-- case5 -->
  <testcase classname="extra.Demo4" name="case4" time="0.0">
    <ignored/>
  </testcase> <!-- case4 -->
</testsuite>
