<?xml version="1.0" encoding="UTF-8"?>
<testng-results ignored="0" total="1" passed="1" failed="0" skipped="0">
  <reporter-output>
  </reporter-output>
  <suite started-at="2025-06-01T13:54:29 IST" name="Default suite" finished-at="2025-06-01T13:54:29 IST" duration-ms="47">
    <groups>
    </groups>
    <test started-at="2025-06-01T13:54:29 IST" name="Default test" finished-at="2025-06-01T13:54:29 IST" duration-ms="47">
      <class name="extra.AdvanceReporting">
        <test-method is-config="true" signature="configRep()[pri:0, instance:extra.AdvanceReporting@6bedbc4d]" started-at="2025-06-01T13:54:29 IST" name="configRep" finished-at="2025-06-01T13:54:29 IST" duration-ms="181" status="PASS">
          <reporter-output>
          </reporter-output>
        </test-method> <!-- configRep -->
        <test-method signature="extentTest1()[pri:0, instance:extra.AdvanceReporting@6bedbc4d]" started-at="2025-06-01T13:54:29 IST" name="extentTest1" finished-at="2025-06-01T13:54:29 IST" duration-ms="14" status="PASS">
          <reporter-output>
          </reporter-output>
        </test-method> <!-- extentTest1 -->
        <test-method is-config="true" signature="repBackup()[pri:0, instance:extra.AdvanceReporting@6bedbc4d]" started-at="2025-06-01T13:54:29 IST" name="repBackup" finished-at="2025-06-01T13:54:30 IST" duration-ms="335" status="PASS">
          <reporter-output>
          </reporter-output>
        </test-method> <!-- repBackup -->
      </class> <!-- extra.AdvanceReporting -->
    </test> <!-- Default test -->
  </suite> <!-- Default suite -->
</testng-results>
